TMS320C55x Assembler PC v4.4.1 Tue Oct 02 02:32:38 2018

Tools Copyright (c) 1996-2012 Texas Instruments Incorporated
ezdsp5535_lcd.asm                                                    PAGE    1

    1153              ; Temporary Registers Used: None
       1              ;*******************************************************************************
       2              ;* TMS320C55x C/C++ Codegen                                          PC v4.4.1 *
       3              ;* Date/Time created: Tue Oct 02 02:32:38 2018                                 *
       4              ;*******************************************************************************
       5                      .compiler_opts --hll_source=on --mem_model:code=flat --mem_model:data=large --object_format=coff --si
       6                      .mmregs
       7                      .cpl_on
       8                      .arms_on
       9                      .c54cm_off
      10                      .asg AR6, FP
      11                      .asg XAR6, XFP
      12                      .asg DPH, MDP
      13                      .model call=c55_std
      14                      .model mem=large
      15                      .noremark 5002  ; code respects overwrite rules
      16              ;*******************************************************************************
      17              ;* GLOBAL FILE PARAMETERS                                                      *
      18              ;*                                                                             *
      19              ;*   Architecture       : TMS320C55x                                           *
      20              ;*   Optimizing for     : Speed                                                *
      21              ;*   Memory             : Large Model (23-Bit Data Pointers)                   *
      22              ;*   Calls              : Normal Library ASM calls                             *
      23              ;*   Debug Info         : Standard TI Debug Information                        *
      24              ;*******************************************************************************
      25              
      26              $C$DW$CU        .dwtag  DW_TAG_compile_unit
      27                      .dwattr $C$DW$CU, DW_AT_name("../c5535_bsl_revc/ezdsp5535_v1/lib/bsl/ezdsp5535_lcd.c")
      28                      .dwattr $C$DW$CU, DW_AT_producer("TMS320C55x C/C++ Codegen PC v4.4.1 Copyright (c) 1996-2012 Texas In
      29                      .dwattr $C$DW$CU, DW_AT_TI_version(0x01)
      30                      .dwattr $C$DW$CU, DW_AT_comp_dir("F:\eZdsp-DBG-sim\tmp1\c55x-sim2\foo\Debug")
      31              
      32              $C$DW$1 .dwtag  DW_TAG_subprogram, DW_AT_name("EZDSP5535_waitusec")
      33                      .dwattr $C$DW$1, DW_AT_TI_symbol_name("_EZDSP5535_waitusec")
      34                      .dwattr $C$DW$1, DW_AT_declaration
      35                      .dwattr $C$DW$1, DW_AT_external
      36              $C$DW$2 .dwtag  DW_TAG_formal_parameter
      37                      .dwattr $C$DW$2, DW_AT_type(*$C$DW$T$19)
      38                      .dwendtag $C$DW$1
      39              
      40              
      41              $C$DW$3 .dwtag  DW_TAG_subprogram, DW_AT_name("EZDSP5535_I2C_init")
      42                      .dwattr $C$DW$3, DW_AT_TI_symbol_name("_EZDSP5535_I2C_init")
      43                      .dwattr $C$DW$3, DW_AT_type(*$C$DW$T$22)
      44                      .dwattr $C$DW$3, DW_AT_declaration
      45                      .dwattr $C$DW$3, DW_AT_external
      46              
      47              $C$DW$4 .dwtag  DW_TAG_subprogram, DW_AT_name("EZDSP5535_I2C_write")
      48                      .dwattr $C$DW$4, DW_AT_TI_symbol_name("_EZDSP5535_I2C_write")
      49                      .dwattr $C$DW$4, DW_AT_type(*$C$DW$T$22)
      50                      .dwattr $C$DW$4, DW_AT_declaration
      51                      .dwattr $C$DW$4, DW_AT_external
      52              $C$DW$5 .dwtag  DW_TAG_formal_parameter
      53                      .dwattr $C$DW$5, DW_AT_type(*$C$DW$T$25)
      54              $C$DW$6 .dwtag  DW_TAG_formal_parameter
TMS320C55x Assembler PC v4.4.1 Tue Oct 02 02:32:38 2018

Tools Copyright (c) 1996-2012 Texas Instruments Incorporated
ezdsp5535_lcd.asm                                                    PAGE    2

      55                      .dwattr $C$DW$6, DW_AT_type(*$C$DW$T$26)
      56              $C$DW$7 .dwtag  DW_TAG_formal_parameter
      57                      .dwattr $C$DW$7, DW_AT_type(*$C$DW$T$25)
      58                      .dwendtag $C$DW$4
      59              
      60              
      61              $C$DW$8 .dwtag  DW_TAG_subprogram, DW_AT_name("EZDSP5535_GPIO_init")
      62                      .dwattr $C$DW$8, DW_AT_TI_symbol_name("_EZDSP5535_GPIO_init")
      63                      .dwattr $C$DW$8, DW_AT_type(*$C$DW$T$22)
      64                      .dwattr $C$DW$8, DW_AT_declaration
      65                      .dwattr $C$DW$8, DW_AT_external
      66              
      67              $C$DW$9 .dwtag  DW_TAG_subprogram, DW_AT_name("EZDSP5535_GPIO_setDirection")
      68                      .dwattr $C$DW$9, DW_AT_TI_symbol_name("_EZDSP5535_GPIO_setDirection")
      69                      .dwattr $C$DW$9, DW_AT_type(*$C$DW$T$22)
      70                      .dwattr $C$DW$9, DW_AT_declaration
      71                      .dwattr $C$DW$9, DW_AT_external
      72              $C$DW$10        .dwtag  DW_TAG_formal_parameter
      73                      .dwattr $C$DW$10, DW_AT_type(*$C$DW$T$25)
      74              $C$DW$11        .dwtag  DW_TAG_formal_parameter
      75                      .dwattr $C$DW$11, DW_AT_type(*$C$DW$T$25)
      76                      .dwendtag $C$DW$9
      77              
      78              
      79              $C$DW$12        .dwtag  DW_TAG_subprogram, DW_AT_name("EZDSP5535_GPIO_setOutput")
      80                      .dwattr $C$DW$12, DW_AT_TI_symbol_name("_EZDSP5535_GPIO_setOutput")
      81                      .dwattr $C$DW$12, DW_AT_type(*$C$DW$T$22)
      82                      .dwattr $C$DW$12, DW_AT_declaration
      83                      .dwattr $C$DW$12, DW_AT_external
      84              $C$DW$13        .dwtag  DW_TAG_formal_parameter
      85                      .dwattr $C$DW$13, DW_AT_type(*$C$DW$T$25)
      86              $C$DW$14        .dwtag  DW_TAG_formal_parameter
      87                      .dwattr $C$DW$14, DW_AT_type(*$C$DW$T$25)
      88                      .dwendtag $C$DW$12
      89              
      90              ;       F:\t\cc5p5\ccsv5\tools\compiler\c5500_4.4.1\bin\acp55.exe -@f:\\AppData\\Local\\Temp\\0272812 
      91 000000               .sect   ".text"
      92                      .align 4
      93                      .global _EZDSP5535_OSD9616_send
      94              
      95              $C$DW$15        .dwtag  DW_TAG_subprogram, DW_AT_name("EZDSP5535_OSD9616_send")
      96                      .dwattr $C$DW$15, DW_AT_low_pc(_EZDSP5535_OSD9616_send)
      97                      .dwattr $C$DW$15, DW_AT_high_pc(0x00)
      98                      .dwattr $C$DW$15, DW_AT_TI_symbol_name("_EZDSP5535_OSD9616_send")
      99                      .dwattr $C$DW$15, DW_AT_external
     100                      .dwattr $C$DW$15, DW_AT_type(*$C$DW$T$22)
     101                      .dwattr $C$DW$15, DW_AT_TI_begin_file("../c5535_bsl_revc/ezdsp5535_v1/lib/bsl/ezdsp5535_lcd.c")
     102                      .dwattr $C$DW$15, DW_AT_TI_begin_line(0x39)
     103                      .dwattr $C$DW$15, DW_AT_TI_begin_column(0x07)
     104                      .dwattr $C$DW$15, DW_AT_TI_max_frame_size(0x06)
     105                      .dwpsn  file "../c5535_bsl_revc/ezdsp5535_v1/lib/bsl/ezdsp5535_lcd.c",line 58,column 1,is_stmt,addres
     106              
     107                      .dwfde $C$DW$CIE, _EZDSP5535_OSD9616_send
     108              $C$DW$16        .dwtag  DW_TAG_formal_parameter, DW_AT_name("comdat")
     109                      .dwattr $C$DW$16, DW_AT_TI_symbol_name("_comdat")
TMS320C55x Assembler PC v4.4.1 Tue Oct 02 02:32:38 2018

Tools Copyright (c) 1996-2012 Texas Instruments Incorporated
ezdsp5535_lcd.asm                                                    PAGE    3

     110                      .dwattr $C$DW$16, DW_AT_type(*$C$DW$T$25)
     111                      .dwattr $C$DW$16, DW_AT_location[DW_OP_reg12]
     112              $C$DW$17        .dwtag  DW_TAG_formal_parameter, DW_AT_name("data")
     113                      .dwattr $C$DW$17, DW_AT_TI_symbol_name("_data")
     114                      .dwattr $C$DW$17, DW_AT_type(*$C$DW$T$25)
     115                      .dwattr $C$DW$17, DW_AT_location[DW_OP_reg13]
     116              ;*******************************************************************************
     117              ;* FUNCTION NAME: EZDSP5535_OSD9616_send                                       *
     118              ;*                                                                             *
     119              ;*   Function Uses Regs : AC0,AC0,T0,T1,AR0,XAR0,AR1,SP,M40,SATA,SATD,RDM,FRCT,*
     120              ;*                        SMUL                                                 *
     121              ;*   Stack Frame        : Compact (No Frame Pointer, w/ debug)                 *
     122              ;*   Total Frame Size   : 6 words                                              *
     123              ;*                        (2 return address/alignment)                         *
     124              ;*                        (4 local values)                                     *
     125              ;*   Min System Stack   : 1 word                                               *
     126              ;*******************************************************************************
     127 000000       _EZDSP5535_OSD9616_send:
     128                      .dwcfi  cfa_offset, 1
     129                      .dwcfi  save_reg_to_mem, 91, -1
     130 000000 4EFB          AADD #-5, SP
     131                      .dwcfi  cfa_offset, 6
     132              $C$DW$18        .dwtag  DW_TAG_variable, DW_AT_name("comdat")
     133                      .dwattr $C$DW$18, DW_AT_TI_symbol_name("_comdat")
     134                      .dwattr $C$DW$18, DW_AT_type(*$C$DW$T$25)
     135                      .dwattr $C$DW$18, DW_AT_location[DW_OP_bregx 0x24 0]
     136              $C$DW$19        .dwtag  DW_TAG_variable, DW_AT_name("data")
     137                      .dwattr $C$DW$19, DW_AT_TI_symbol_name("_data")
     138                      .dwattr $C$DW$19, DW_AT_type(*$C$DW$T$25)
     139                      .dwattr $C$DW$19, DW_AT_location[DW_OP_bregx 0x24 1]
     140              $C$DW$20        .dwtag  DW_TAG_variable, DW_AT_name("cmd")
     141                      .dwattr $C$DW$20, DW_AT_TI_symbol_name("_cmd")
     142                      .dwattr $C$DW$20, DW_AT_type(*$C$DW$T$34)
     143                      .dwattr $C$DW$20, DW_AT_location[DW_OP_bregx 0x24 2]
     144 000002 C502          MOV T1, *SP(#1) ; |58| 
     145 000004 C400          MOV T0, *SP(#0) ; |58| 
     146                      .dwpsn  file "../c5535_bsl_revc/ezdsp5535_v1/lib/bsl/ezdsp5535_lcd.c",line 60,column 5,is_stmt
     147 000006 DF00          MOV uns(low_byte(*SP(#0))), AR1 ; |60| 
         000008 93   
     148 000009 C904          MOV AR1, *SP(#2) ; |60| 
     149                      .dwpsn  file "../c5535_bsl_revc/ezdsp5535_v1/lib/bsl/ezdsp5535_lcd.c",line 61,column 5,is_stmt
     150 00000b A902          MOV *SP(#1), AR1 ; |61| 
     151 00000d C906          MOV AR1, *SP(#3) ; |61| 
     152                      .dwpsn  file "../c5535_bsl_revc/ezdsp5535_v1/lib/bsl/ezdsp5535_lcd.c",line 62,column 5,is_stmt
     153 00000f 7603          MOV #1000, AC0 ; |62| 
         000011 E808 
     154              $C$DW$21        .dwtag  DW_TAG_TI_branch
     155                      .dwattr $C$DW$21, DW_AT_low_pc(0x00)
     156                      .dwattr $C$DW$21, DW_AT_name("_EZDSP5535_waitusec")
     157                      .dwattr $C$DW$21, DW_AT_TI_call
     158 000013 6C00          CALL #_EZDSP5535_waitusec ; |62| 
         000015 0000!
     159                                                      ; call occurs [#_EZDSP5535_waitusec] ; |62| 
     160                      .dwpsn  file "../c5535_bsl_revc/ezdsp5535_v1/lib/bsl/ezdsp5535_lcd.c",line 63,column 5,is_stmt
     161 000017 7600          MOV #60, T0 ; |63| 
TMS320C55x Assembler PC v4.4.1 Tue Oct 02 02:32:38 2018

Tools Copyright (c) 1996-2012 Texas Instruments Incorporated
ezdsp5535_lcd.asm                                                    PAGE    4

         000019 3C48 
     162              
     163 00001b EC04          AMAR *SP(#2), XAR0
         00001d 8E   
     164 00001e 3D25  ||      MOV #2, T1
     165              
     166              $C$DW$22        .dwtag  DW_TAG_TI_branch
     167                      .dwattr $C$DW$22, DW_AT_low_pc(0x00)
     168                      .dwattr $C$DW$22, DW_AT_name("_EZDSP5535_I2C_write")
     169                      .dwattr $C$DW$22, DW_AT_TI_call
     170 000020 6C00          CALL #_EZDSP5535_I2C_write ; |63| 
         000022 0000!
     171                                                      ; call occurs [#_EZDSP5535_I2C_write] ; |63| 
     172                      .dwpsn  file "../c5535_bsl_revc/ezdsp5535_v1/lib/bsl/ezdsp5535_lcd.c",line 64,column 1,is_stmt
     173 000024 4E05          AADD #5, SP
     174                      .dwcfi  cfa_offset, 1
     175              $C$DW$23        .dwtag  DW_TAG_TI_branch
     176                      .dwattr $C$DW$23, DW_AT_low_pc(0x00)
     177                      .dwattr $C$DW$23, DW_AT_TI_return
     178 000026 4804          RET
     179                                                      ; return occurs
     180                      .dwattr $C$DW$15, DW_AT_TI_end_file("../c5535_bsl_revc/ezdsp5535_v1/lib/bsl/ezdsp5535_lcd.c")
     181                      .dwattr $C$DW$15, DW_AT_TI_end_line(0x40)
     182                      .dwattr $C$DW$15, DW_AT_TI_end_column(0x01)
     183                      .dwendentry
     184                      .dwendtag $C$DW$15
     185              
     186 000028               .sect   ".text"
     187                      .align 4
     188                      .global _EZDSP5535_OSD9616_multiSend
     189              
     190              $C$DW$24        .dwtag  DW_TAG_subprogram, DW_AT_name("EZDSP5535_OSD9616_multiSend")
     191                      .dwattr $C$DW$24, DW_AT_low_pc(_EZDSP5535_OSD9616_multiSend)
     192                      .dwattr $C$DW$24, DW_AT_high_pc(0x00)
     193                      .dwattr $C$DW$24, DW_AT_TI_symbol_name("_EZDSP5535_OSD9616_multiSend")
     194                      .dwattr $C$DW$24, DW_AT_external
     195                      .dwattr $C$DW$24, DW_AT_type(*$C$DW$T$22)
     196                      .dwattr $C$DW$24, DW_AT_TI_begin_file("../c5535_bsl_revc/ezdsp5535_v1/lib/bsl/ezdsp5535_lcd.c")
     197                      .dwattr $C$DW$24, DW_AT_TI_begin_line(0x4e)
     198                      .dwattr $C$DW$24, DW_AT_TI_begin_column(0x07)
     199                      .dwattr $C$DW$24, DW_AT_TI_max_frame_size(0x10)
     200                      .dwpsn  file "../c5535_bsl_revc/ezdsp5535_v1/lib/bsl/ezdsp5535_lcd.c",line 79,column 1,is_stmt,addres
     201              
     202                      .dwfde $C$DW$CIE, _EZDSP5535_OSD9616_multiSend
     203              $C$DW$25        .dwtag  DW_TAG_formal_parameter, DW_AT_name("data")
     204                      .dwattr $C$DW$25, DW_AT_TI_symbol_name("_data")
     205                      .dwattr $C$DW$25, DW_AT_type(*$C$DW$T$26)
     206                      .dwattr $C$DW$25, DW_AT_location[DW_OP_reg17]
     207              $C$DW$26        .dwtag  DW_TAG_formal_parameter, DW_AT_name("len")
     208                      .dwattr $C$DW$26, DW_AT_TI_symbol_name("_len")
     209                      .dwattr $C$DW$26, DW_AT_type(*$C$DW$T$25)
     210                      .dwattr $C$DW$26, DW_AT_location[DW_OP_reg12]
     211              ;*******************************************************************************
     212              ;* FUNCTION NAME: EZDSP5535_OSD9616_multiSend                                  *
     213              ;*                                                                             *
TMS320C55x Assembler PC v4.4.1 Tue Oct 02 02:32:38 2018

Tools Copyright (c) 1996-2012 Texas Instruments Incorporated
ezdsp5535_lcd.asm                                                    PAGE    5

     214              ;*   Function Uses Regs : AC0,AC0,T0,T1,AR0,XAR0,AR1,AR2,XAR2,AR3,XAR3,AR4,    *
     215              ;*                        XAR4,SP,CARRY,TC1,M40,SATA,SATD,RDM,FRCT,SMUL        *
     216              ;*   Stack Frame        : Compact (No Frame Pointer, w/ debug)                 *
     217              ;*   Total Frame Size   : 16 words                                             *
     218              ;*                        (2 return address/alignment)                         *
     219              ;*                        (14 local values)                                    *
     220              ;*   Min System Stack   : 1 word                                               *
     221              ;*******************************************************************************
     222 000028       _EZDSP5535_OSD9616_multiSend:
     223                      .dwcfi  cfa_offset, 1
     224                      .dwcfi  save_reg_to_mem, 91, -1
     225 000028 4EF1          AADD #-15, SP
     226                      .dwcfi  cfa_offset, 16
     227              $C$DW$27        .dwtag  DW_TAG_variable, DW_AT_name("data")
     228                      .dwattr $C$DW$27, DW_AT_TI_symbol_name("_data")
     229                      .dwattr $C$DW$27, DW_AT_type(*$C$DW$T$26)
     230                      .dwattr $C$DW$27, DW_AT_location[DW_OP_bregx 0x24 0]
     231              $C$DW$28        .dwtag  DW_TAG_variable, DW_AT_name("len")
     232                      .dwattr $C$DW$28, DW_AT_TI_symbol_name("_len")
     233                      .dwattr $C$DW$28, DW_AT_type(*$C$DW$T$25)
     234                      .dwattr $C$DW$28, DW_AT_location[DW_OP_bregx 0x24 2]
     235              $C$DW$29        .dwtag  DW_TAG_variable, DW_AT_name("x")
     236                      .dwattr $C$DW$29, DW_AT_TI_symbol_name("_x")
     237                      .dwattr $C$DW$29, DW_AT_type(*$C$DW$T$25)
     238                      .dwattr $C$DW$29, DW_AT_location[DW_OP_bregx 0x24 3]
     239              $C$DW$30        .dwtag  DW_TAG_variable, DW_AT_name("cmd")
     240                      .dwattr $C$DW$30, DW_AT_TI_symbol_name("_cmd")
     241                      .dwattr $C$DW$30, DW_AT_type(*$C$DW$T$36)
     242                      .dwattr $C$DW$30, DW_AT_location[DW_OP_bregx 0x24 4]
     243 00002a C404          MOV T0, *SP(#2) ; |79| 
     244 00002c EB00          MOV XAR0, dbl(*SP(#0))
         00002e 85   
     245                      .dwpsn  file "../c5535_bsl_revc/ezdsp5535_v1/lib/bsl/ezdsp5535_lcd.c",line 82,column 9,is_stmt
     246 00002f E606          MOV #0, *SP(#3) ; |82| 
         000031 00   
     247                      .dwpsn  file "../c5535_bsl_revc/ezdsp5535_v1/lib/bsl/ezdsp5535_lcd.c",line 82,column 13,is_stmt
     248 000032 A904          MOV *SP(#2), AR1 ; |82| 
     249 000034 AA06          MOV *SP(#3), AR2 ; |82| 
     250 000036 12A8          CMPU AR2 >= AR1, TC1 ; |82| 
         000038 94   
     251 000039 0464          BCC $C$L2,TC1 ; |82| 
         00003b 27   
     252                                                      ; branchcc occurs ; |82| 
     253 00003c       $C$L1:    
     254 00003c       $C$DW$L$_EZDSP5535_OSD9616_multiSend$2$B:
     255                      .dwpsn  file "../c5535_bsl_revc/ezdsp5535_v1/lib/bsl/ezdsp5535_lcd.c",line 84,column 6,is_stmt
     256 00003c ED00          MOV dbl(*SP(#0)), XAR3
         00003e BF   
     257 00003f DF06          MOV uns(*SP(#3)), AC0 ; |84| 
         000041 05   
     258 000042 900A          MOV AC0, XAR2
     259 000044 DF06          MOV uns(*SP(#3)), AC0 ; |84| 
         000046 05   
     260 000047 900C          MOV AC0, XAR4
     261 000049 14A1          AADD XAR2, XAR3 ; |84| 
TMS320C55x Assembler PC v4.4.1 Tue Oct 02 02:32:38 2018

Tools Copyright (c) 1996-2012 Texas Instruments Incorporated
ezdsp5535_lcd.asm                                                    PAGE    6

         00004b B0   
     262 00004c EC08          AMAR *SP(#4), XAR2
         00004e AE   
     263 00004f 14C1          AADD XAR4, XAR2 ; |84| 
         000051 A0   
     264 000052 8061          MOV *AR3, *AR2 ; |84| 
         000054 04   
     265                      .dwpsn  file "../c5535_bsl_revc/ezdsp5535_v1/lib/bsl/ezdsp5535_lcd.c",line 82,column 19,is_stmt
     266 000055 F706          ADD #1, *SP(#3) ; |82| 
         000057 0001 
     267                      .dwpsn  file "../c5535_bsl_revc/ezdsp5535_v1/lib/bsl/ezdsp5535_lcd.c",line 82,column 13,is_stmt
     268 000059 A904          MOV *SP(#2), AR1 ; |82| 
     269 00005b AA06          MOV *SP(#3), AR2 ; |82| 
     270 00005d 12A4          CMPU AR2 < AR1, TC1 ; |82| 
         00005f 94   
     271 000060 0464          BCC $C$L1,TC1 ; |82| 
         000062 D9   
     272                                                      ; branchcc occurs ; |82| 
     273 000063       $C$DW$L$_EZDSP5535_OSD9616_multiSend$2$E:
     274 000063       $C$L2:    
     275                      .dwpsn  file "../c5535_bsl_revc/ezdsp5535_v1/lib/bsl/ezdsp5535_lcd.c",line 86,column 5,is_stmt
     276 000063 7603          MOV #1000, AC0 ; |86| 
         000065 E808 
     277              $C$DW$31        .dwtag  DW_TAG_TI_branch
     278                      .dwattr $C$DW$31, DW_AT_low_pc(0x00)
     279                      .dwattr $C$DW$31, DW_AT_name("_EZDSP5535_waitusec")
     280                      .dwattr $C$DW$31, DW_AT_TI_call
     281 000067 6C00          CALL #_EZDSP5535_waitusec ; |86| 
         000069 0000!
     282                                                      ; call occurs [#_EZDSP5535_waitusec] ; |86| 
     283                      .dwpsn  file "../c5535_bsl_revc/ezdsp5535_v1/lib/bsl/ezdsp5535_lcd.c",line 87,column 5,is_stmt
     284 00006b 7600          MOV #60, T0 ; |87| 
         00006d 3C48 
     285 00006f EC08          AMAR *SP(#4), XAR0
         000071 8E   
     286 000072 A504          MOV *SP(#2), T1 ; |87| 
     287              $C$DW$32        .dwtag  DW_TAG_TI_branch
     288                      .dwattr $C$DW$32, DW_AT_low_pc(0x00)
     289                      .dwattr $C$DW$32, DW_AT_name("_EZDSP5535_I2C_write")
     290                      .dwattr $C$DW$32, DW_AT_TI_call
     291 000074 6C00          CALL #_EZDSP5535_I2C_write ; |87| 
         000076 0000!
     292                                                      ; call occurs [#_EZDSP5535_I2C_write] ; |87| 
     293                      .dwpsn  file "../c5535_bsl_revc/ezdsp5535_v1/lib/bsl/ezdsp5535_lcd.c",line 88,column 1,is_stmt
     294 000078 4E0F          AADD #15, SP
     295                      .dwcfi  cfa_offset, 1
     296              $C$DW$33        .dwtag  DW_TAG_TI_branch
     297                      .dwattr $C$DW$33, DW_AT_low_pc(0x00)
     298                      .dwattr $C$DW$33, DW_AT_TI_return
     299 00007a 4804          RET
     300                                                      ; return occurs
     301              
     302              $C$DW$34        .dwtag  DW_TAG_TI_loop
     303                      .dwattr $C$DW$34, DW_AT_name("F:\eZdsp-DBG-sim\tmp1\c55x-sim2\foo\Debug\ezdsp5535_lcd.asm:$C$L1:1:153
     304                      .dwattr $C$DW$34, DW_AT_TI_begin_file("../c5535_bsl_revc/ezdsp5535_v1/lib/bsl/ezdsp5535_lcd.c")
TMS320C55x Assembler PC v4.4.1 Tue Oct 02 02:32:38 2018

Tools Copyright (c) 1996-2012 Texas Instruments Incorporated
ezdsp5535_lcd.asm                                                    PAGE    7

     305                      .dwattr $C$DW$34, DW_AT_TI_begin_line(0x52)
     306                      .dwattr $C$DW$34, DW_AT_TI_end_line(0x55)
     307              $C$DW$35        .dwtag  DW_TAG_TI_loop_range
     308                      .dwattr $C$DW$35, DW_AT_low_pc($C$DW$L$_EZDSP5535_OSD9616_multiSend$2$B)
     309                      .dwattr $C$DW$35, DW_AT_high_pc($C$DW$L$_EZDSP5535_OSD9616_multiSend$2$E)
     310                      .dwendtag $C$DW$34
     311              
     312                      .dwattr $C$DW$24, DW_AT_TI_end_file("../c5535_bsl_revc/ezdsp5535_v1/lib/bsl/ezdsp5535_lcd.c")
     313                      .dwattr $C$DW$24, DW_AT_TI_end_line(0x58)
     314                      .dwattr $C$DW$24, DW_AT_TI_end_column(0x01)
     315                      .dwendentry
     316                      .dwendtag $C$DW$24
     317              
     318 00007c               .sect   ".text"
     319                      .align 4
     320                      .global _EZDSP5535_OSD9616_init
     321              
     322              $C$DW$36        .dwtag  DW_TAG_subprogram, DW_AT_name("EZDSP5535_OSD9616_init")
     323                      .dwattr $C$DW$36, DW_AT_low_pc(_EZDSP5535_OSD9616_init)
     324                      .dwattr $C$DW$36, DW_AT_high_pc(0x00)
     325                      .dwattr $C$DW$36, DW_AT_TI_symbol_name("_EZDSP5535_OSD9616_init")
     326                      .dwattr $C$DW$36, DW_AT_external
     327                      .dwattr $C$DW$36, DW_AT_type(*$C$DW$T$22)
     328                      .dwattr $C$DW$36, DW_AT_TI_begin_file("../c5535_bsl_revc/ezdsp5535_v1/lib/bsl/ezdsp5535_lcd.c")
     329                      .dwattr $C$DW$36, DW_AT_TI_begin_line(0x5f)
     330                      .dwattr $C$DW$36, DW_AT_TI_begin_column(0x07)
     331                      .dwattr $C$DW$36, DW_AT_TI_max_frame_size(0x0c)
     332                      .dwpsn  file "../c5535_bsl_revc/ezdsp5535_v1/lib/bsl/ezdsp5535_lcd.c",line 96,column 1,is_stmt,addres
     333              
     334                      .dwfde $C$DW$CIE, _EZDSP5535_OSD9616_init
     335              ;*******************************************************************************
     336              ;* FUNCTION NAME: EZDSP5535_OSD9616_init                                       *
     337              ;*                                                                             *
     338              ;*   Function Uses Regs : T0,T1,AR0,XAR0,SP,M40,SATA,SATD,RDM,FRCT,SMUL        *
     339              ;*   Stack Frame        : Compact (No Frame Pointer, w/ debug)                 *
     340              ;*   Total Frame Size   : 12 words                                             *
     341              ;*                        (2 return address/alignment)                         *
     342              ;*                        (10 local values)                                    *
     343              ;*   Min System Stack   : 1 word                                               *
     344              ;*******************************************************************************
     345 00007c       _EZDSP5535_OSD9616_init:
     346                      .dwcfi  cfa_offset, 1
     347                      .dwcfi  save_reg_to_mem, 91, -1
     348 00007c 4EF5          AADD #-11, SP
     349                      .dwcfi  cfa_offset, 12
     350              $C$DW$37        .dwtag  DW_TAG_variable, DW_AT_name("cmd")
     351                      .dwattr $C$DW$37, DW_AT_TI_symbol_name("_cmd")
     352                      .dwattr $C$DW$37, DW_AT_type(*$C$DW$T$36)
     353                      .dwattr $C$DW$37, DW_AT_location[DW_OP_bregx 0x24 0]
     354                      .dwpsn  file "../c5535_bsl_revc/ezdsp5535_v1/lib/bsl/ezdsp5535_lcd.c",line 100,column 2,is_stmt
     355              $C$DW$38        .dwtag  DW_TAG_TI_branch
     356                      .dwattr $C$DW$38, DW_AT_low_pc(0x00)
     357                      .dwattr $C$DW$38, DW_AT_name("_EZDSP5535_GPIO_init")
     358                      .dwattr $C$DW$38, DW_AT_TI_call
     359 00007e 6C00          CALL #_EZDSP5535_GPIO_init ; |100| 
TMS320C55x Assembler PC v4.4.1 Tue Oct 02 02:32:38 2018

Tools Copyright (c) 1996-2012 Texas Instruments Incorporated
ezdsp5535_lcd.asm                                                    PAGE    8

         000080 0000!
     360                                                      ; call occurs [#_EZDSP5535_GPIO_init] ; |100| 
     361                      .dwpsn  file "../c5535_bsl_revc/ezdsp5535_v1/lib/bsl/ezdsp5535_lcd.c",line 103,column 5,is_stmt
     362              $C$DW$39        .dwtag  DW_TAG_TI_branch
     363                      .dwattr $C$DW$39, DW_AT_low_pc(0x00)
     364                      .dwattr $C$DW$39, DW_AT_name("_EZDSP5535_I2C_init")
     365                      .dwattr $C$DW$39, DW_AT_TI_call
     366 000082 6C00          CALL #_EZDSP5535_I2C_init ; |103| 
         000084 0000!
     367                                                      ; call occurs [#_EZDSP5535_I2C_init] ; |103| 
     368                      .dwpsn  file "../c5535_bsl_revc/ezdsp5535_v1/lib/bsl/ezdsp5535_lcd.c",line 106,column 5,is_stmt
     369 000086 3CC4          MOV #12, T0
     370              $C$DW$40        .dwtag  DW_TAG_TI_branch
     371                      .dwattr $C$DW$40, DW_AT_low_pc(0x00)
     372                      .dwattr $C$DW$40, DW_AT_name("_EZDSP5535_GPIO_setDirection")
     373                      .dwattr $C$DW$40, DW_AT_TI_call
     374              
     375 000088 6C00          CALL #_EZDSP5535_GPIO_setDirection ; |106| 
         00008a 0000!
     376 00008c 3D15  ||      MOV #1, T1
     377              
     378                                                      ; call occurs [#_EZDSP5535_GPIO_setDirection] ; |106| 
     379                      .dwpsn  file "../c5535_bsl_revc/ezdsp5535_v1/lib/bsl/ezdsp5535_lcd.c",line 107,column 5,is_stmt
     380 00008e 3CC4          MOV #12, T0
     381              $C$DW$41        .dwtag  DW_TAG_TI_branch
     382                      .dwattr $C$DW$41, DW_AT_low_pc(0x00)
     383                      .dwattr $C$DW$41, DW_AT_name("_EZDSP5535_GPIO_setOutput")
     384                      .dwattr $C$DW$41, DW_AT_TI_call
     385              
     386 000090 6C00          CALL #_EZDSP5535_GPIO_setOutput ; |107| 
         000092 0000!
     387 000094 3D15  ||      MOV #1, T1
     388              
     389                                                      ; call occurs [#_EZDSP5535_GPIO_setOutput] ; |107| 
     390                      .dwpsn  file "../c5535_bsl_revc/ezdsp5535_v1/lib/bsl/ezdsp5535_lcd.c",line 110,column 5,is_stmt
     391 000096 3C04          MOV #0, T0
     392              $C$DW$42        .dwtag  DW_TAG_TI_branch
     393                      .dwattr $C$DW$42, DW_AT_low_pc(0x00)
     394                      .dwattr $C$DW$42, DW_AT_name("_EZDSP5535_OSD9616_send")
     395                      .dwattr $C$DW$42, DW_AT_TI_call
     396              
     397 000098 08FF          CALL #_EZDSP5535_OSD9616_send ; |110| 
         00009a 63   
     398 00009b 3D05  ||      MOV #0, T1
     399              
     400                                                      ; call occurs [#_EZDSP5535_OSD9616_send] ; |110| 
     401                      .dwpsn  file "../c5535_bsl_revc/ezdsp5535_v1/lib/bsl/ezdsp5535_lcd.c",line 111,column 5,is_stmt
     402 00009d 7600          MOV #16, T1 ; |111| 
         00009f 1058 
     403              $C$DW$43        .dwtag  DW_TAG_TI_branch
     404                      .dwattr $C$DW$43, DW_AT_low_pc(0x00)
     405                      .dwattr $C$DW$43, DW_AT_name("_EZDSP5535_OSD9616_send")
     406                      .dwattr $C$DW$43, DW_AT_TI_call
     407              
     408 0000a1 08FF          CALL #_EZDSP5535_OSD9616_send ; |111| 
TMS320C55x Assembler PC v4.4.1 Tue Oct 02 02:32:38 2018

Tools Copyright (c) 1996-2012 Texas Instruments Incorporated
ezdsp5535_lcd.asm                                                    PAGE    9

         0000a3 5A   
     409 0000a4 3D04  ||      MOV #0, T0
     410              
     411                                                      ; call occurs [#_EZDSP5535_OSD9616_send] ; |111| 
     412                      .dwpsn  file "../c5535_bsl_revc/ezdsp5535_v1/lib/bsl/ezdsp5535_lcd.c",line 112,column 5,is_stmt
     413 0000a6 7600          MOV #64, T1 ; |112| 
         0000a8 4058 
     414              $C$DW$44        .dwtag  DW_TAG_TI_branch
     415                      .dwattr $C$DW$44, DW_AT_low_pc(0x00)
     416                      .dwattr $C$DW$44, DW_AT_name("_EZDSP5535_OSD9616_send")
     417                      .dwattr $C$DW$44, DW_AT_TI_call
     418              
     419 0000aa 08FF          CALL #_EZDSP5535_OSD9616_send ; |112| 
         0000ac 51   
     420 0000ad 3D04  ||      MOV #0, T0
     421              
     422                                                      ; call occurs [#_EZDSP5535_OSD9616_send] ; |112| 
     423                      .dwpsn  file "../c5535_bsl_revc/ezdsp5535_v1/lib/bsl/ezdsp5535_lcd.c",line 114,column 5,is_stmt
     424 0000af E600          MOV #0, *SP(#0) ; |114| 
         0000b1 00   
     425                      .dwpsn  file "../c5535_bsl_revc/ezdsp5535_v1/lib/bsl/ezdsp5535_lcd.c",line 115,column 5,is_stmt
     426 0000b2 FB02          MOV #129, *SP(#1) ; |115| 
         0000b4 0081 
     427                      .dwpsn  file "../c5535_bsl_revc/ezdsp5535_v1/lib/bsl/ezdsp5535_lcd.c",line 116,column 5,is_stmt
     428 0000b6 E604          MOV #127, *SP(#2) ; |116| 
         0000b8 7F   
     429                      .dwpsn  file "../c5535_bsl_revc/ezdsp5535_v1/lib/bsl/ezdsp5535_lcd.c",line 117,column 5,is_stmt
     430 0000b9 EC00          AMAR *SP(#0), XAR0
         0000bb 8E   
     431              $C$DW$45        .dwtag  DW_TAG_TI_branch
     432                      .dwattr $C$DW$45, DW_AT_low_pc(0x00)
     433                      .dwattr $C$DW$45, DW_AT_name("_EZDSP5535_OSD9616_multiSend")
     434                      .dwattr $C$DW$45, DW_AT_TI_call
     435              
     436 0000bc 08FF          CALL #_EZDSP5535_OSD9616_multiSend ; |117| 
         0000be 67   
     437 0000bf 3D34  ||      MOV #3, T0
     438              
     439                                                      ; call occurs [#_EZDSP5535_OSD9616_multiSend] ; |117| 
     440                      .dwpsn  file "../c5535_bsl_revc/ezdsp5535_v1/lib/bsl/ezdsp5535_lcd.c",line 119,column 5,is_stmt
     441 0000c1 7600          MOV #161, T1 ; |119| 
         0000c3 A158 
     442              $C$DW$46        .dwtag  DW_TAG_TI_branch
     443                      .dwattr $C$DW$46, DW_AT_low_pc(0x00)
     444                      .dwattr $C$DW$46, DW_AT_name("_EZDSP5535_OSD9616_send")
     445                      .dwattr $C$DW$46, DW_AT_TI_call
     446              
     447 0000c5 08FF          CALL #_EZDSP5535_OSD9616_send ; |119| 
         0000c7 36   
     448 0000c8 3D04  ||      MOV #0, T0
     449              
     450                                                      ; call occurs [#_EZDSP5535_OSD9616_send] ; |119| 
     451                      .dwpsn  file "../c5535_bsl_revc/ezdsp5535_v1/lib/bsl/ezdsp5535_lcd.c",line 120,column 5,is_stmt
     452 0000ca 7600          MOV #166, T1 ; |120| 
         0000cc A658 
TMS320C55x Assembler PC v4.4.1 Tue Oct 02 02:32:38 2018

Tools Copyright (c) 1996-2012 Texas Instruments Incorporated
ezdsp5535_lcd.asm                                                    PAGE   10

     453              $C$DW$47        .dwtag  DW_TAG_TI_branch
     454                      .dwattr $C$DW$47, DW_AT_low_pc(0x00)
     455                      .dwattr $C$DW$47, DW_AT_name("_EZDSP5535_OSD9616_send")
     456                      .dwattr $C$DW$47, DW_AT_TI_call
     457              
     458 0000ce 08FF          CALL #_EZDSP5535_OSD9616_send ; |120| 
         0000d0 2D   
     459 0000d1 3D04  ||      MOV #0, T0
     460              
     461                                                      ; call occurs [#_EZDSP5535_OSD9616_send] ; |120| 
     462                      .dwpsn  file "../c5535_bsl_revc/ezdsp5535_v1/lib/bsl/ezdsp5535_lcd.c",line 122,column 5,is_stmt
     463 0000d3 E600          MOV #0, *SP(#0) ; |122| 
         0000d5 00   
     464                      .dwpsn  file "../c5535_bsl_revc/ezdsp5535_v1/lib/bsl/ezdsp5535_lcd.c",line 123,column 5,is_stmt
     465 0000d6 FB02          MOV #168, *SP(#1) ; |123| 
         0000d8 00A8 
     466                      .dwpsn  file "../c5535_bsl_revc/ezdsp5535_v1/lib/bsl/ezdsp5535_lcd.c",line 124,column 5,is_stmt
     467 0000da E604          MOV #15, *SP(#2) ; |124| 
         0000dc 0F   
     468                      .dwpsn  file "../c5535_bsl_revc/ezdsp5535_v1/lib/bsl/ezdsp5535_lcd.c",line 125,column 5,is_stmt
     469 0000dd EC00          AMAR *SP(#0), XAR0
         0000df 8E   
     470              $C$DW$48        .dwtag  DW_TAG_TI_branch
     471                      .dwattr $C$DW$48, DW_AT_low_pc(0x00)
     472                      .dwattr $C$DW$48, DW_AT_name("_EZDSP5535_OSD9616_multiSend")
     473                      .dwattr $C$DW$48, DW_AT_TI_call
     474              
     475 0000e0 08FF          CALL #_EZDSP5535_OSD9616_multiSend ; |125| 
         0000e2 43   
     476 0000e3 3D34  ||      MOV #3, T0
     477              
     478                                                      ; call occurs [#_EZDSP5535_OSD9616_multiSend] ; |125| 
     479                      .dwpsn  file "../c5535_bsl_revc/ezdsp5535_v1/lib/bsl/ezdsp5535_lcd.c",line 127,column 5,is_stmt
     480 0000e5 7600          MOV #211, T1 ; |127| 
         0000e7 D358 
     481              $C$DW$49        .dwtag  DW_TAG_TI_branch
     482                      .dwattr $C$DW$49, DW_AT_low_pc(0x00)
     483                      .dwattr $C$DW$49, DW_AT_name("_EZDSP5535_OSD9616_send")
     484                      .dwattr $C$DW$49, DW_AT_TI_call
     485              
     486 0000e9 08FF          CALL #_EZDSP5535_OSD9616_send ; |127| 
         0000eb 12   
     487 0000ec 3D04  ||      MOV #0, T0
     488              
     489                                                      ; call occurs [#_EZDSP5535_OSD9616_send] ; |127| 
     490                      .dwpsn  file "../c5535_bsl_revc/ezdsp5535_v1/lib/bsl/ezdsp5535_lcd.c",line 128,column 5,is_stmt
     491 0000ee 3C04          MOV #0, T0
     492              $C$DW$50        .dwtag  DW_TAG_TI_branch
     493                      .dwattr $C$DW$50, DW_AT_low_pc(0x00)
     494                      .dwattr $C$DW$50, DW_AT_name("_EZDSP5535_OSD9616_send")
     495                      .dwattr $C$DW$50, DW_AT_TI_call
     496              
     497 0000f0 08FF          CALL #_EZDSP5535_OSD9616_send ; |128| 
         0000f2 0B   
     498 0000f3 3D05  ||      MOV #0, T1
TMS320C55x Assembler PC v4.4.1 Tue Oct 02 02:32:38 2018

Tools Copyright (c) 1996-2012 Texas Instruments Incorporated
ezdsp5535_lcd.asm                                                    PAGE   11

     499              
     500                                                      ; call occurs [#_EZDSP5535_OSD9616_send] ; |128| 
     501                      .dwpsn  file "../c5535_bsl_revc/ezdsp5535_v1/lib/bsl/ezdsp5535_lcd.c",line 129,column 5,is_stmt
     502 0000f5 7600          MOV #213, T1 ; |129| 
         0000f7 D558 
     503              $C$DW$51        .dwtag  DW_TAG_TI_branch
     504                      .dwattr $C$DW$51, DW_AT_low_pc(0x00)
     505                      .dwattr $C$DW$51, DW_AT_name("_EZDSP5535_OSD9616_send")
     506                      .dwattr $C$DW$51, DW_AT_TI_call
     507              
     508 0000f9 08FF          CALL #_EZDSP5535_OSD9616_send ; |129| 
         0000fb 02   
     509 0000fc 3D04  ||      MOV #0, T0
     510              
     511                                                      ; call occurs [#_EZDSP5535_OSD9616_send] ; |129| 
     512                      .dwpsn  file "../c5535_bsl_revc/ezdsp5535_v1/lib/bsl/ezdsp5535_lcd.c",line 130,column 5,is_stmt
     513 0000fe 7600          MOV #240, T1 ; |130| 
         000100 F058 
     514              $C$DW$52        .dwtag  DW_TAG_TI_branch
     515                      .dwattr $C$DW$52, DW_AT_low_pc(0x00)
     516                      .dwattr $C$DW$52, DW_AT_name("_EZDSP5535_OSD9616_send")
     517                      .dwattr $C$DW$52, DW_AT_TI_call
     518              
     519 000102 08FE          CALL #_EZDSP5535_OSD9616_send ; |130| 
         000104 F9   
     520 000105 3D04  ||      MOV #0, T0
     521              
     522                                                      ; call occurs [#_EZDSP5535_OSD9616_send] ; |130| 
     523                      .dwpsn  file "../c5535_bsl_revc/ezdsp5535_v1/lib/bsl/ezdsp5535_lcd.c",line 132,column 5,is_stmt
     524 000107 E600          MOV #0, *SP(#0) ; |132| 
         000109 00   
     525                      .dwpsn  file "../c5535_bsl_revc/ezdsp5535_v1/lib/bsl/ezdsp5535_lcd.c",line 133,column 5,is_stmt
     526 00010a FB02          MOV #217, *SP(#1) ; |133| 
         00010c 00D9 
     527                      .dwpsn  file "../c5535_bsl_revc/ezdsp5535_v1/lib/bsl/ezdsp5535_lcd.c",line 134,column 5,is_stmt
     528 00010e E604          MOV #34, *SP(#2) ; |134| 
         000110 22   
     529                      .dwpsn  file "../c5535_bsl_revc/ezdsp5535_v1/lib/bsl/ezdsp5535_lcd.c",line 135,column 5,is_stmt
     530 000111 EC00          AMAR *SP(#0), XAR0
         000113 8E   
     531              $C$DW$53        .dwtag  DW_TAG_TI_branch
     532                      .dwattr $C$DW$53, DW_AT_low_pc(0x00)
     533                      .dwattr $C$DW$53, DW_AT_name("_EZDSP5535_OSD9616_multiSend")
     534                      .dwattr $C$DW$53, DW_AT_TI_call
     535              
     536 000114 08FF          CALL #_EZDSP5535_OSD9616_multiSend ; |135| 
         000116 0F   
     537 000117 3D34  ||      MOV #3, T0
     538              
     539                                                      ; call occurs [#_EZDSP5535_OSD9616_multiSend] ; |135| 
     540                      .dwpsn  file "../c5535_bsl_revc/ezdsp5535_v1/lib/bsl/ezdsp5535_lcd.c",line 137,column 5,is_stmt
     541 000119 E600          MOV #0, *SP(#0) ; |137| 
         00011b 00   
     542                      .dwpsn  file "../c5535_bsl_revc/ezdsp5535_v1/lib/bsl/ezdsp5535_lcd.c",line 138,column 5,is_stmt
     543 00011c FB02          MOV #218, *SP(#1) ; |138| 
TMS320C55x Assembler PC v4.4.1 Tue Oct 02 02:32:38 2018

Tools Copyright (c) 1996-2012 Texas Instruments Incorporated
ezdsp5535_lcd.asm                                                    PAGE   12

         00011e 00DA 
     544                      .dwpsn  file "../c5535_bsl_revc/ezdsp5535_v1/lib/bsl/ezdsp5535_lcd.c",line 139,column 5,is_stmt
     545 000120 E604          MOV #2, *SP(#2) ; |139| 
         000122 02   
     546                      .dwpsn  file "../c5535_bsl_revc/ezdsp5535_v1/lib/bsl/ezdsp5535_lcd.c",line 140,column 5,is_stmt
     547 000123 EC00          AMAR *SP(#0), XAR0
         000125 8E   
     548              $C$DW$54        .dwtag  DW_TAG_TI_branch
     549                      .dwattr $C$DW$54, DW_AT_low_pc(0x00)
     550                      .dwattr $C$DW$54, DW_AT_name("_EZDSP5535_OSD9616_multiSend")
     551                      .dwattr $C$DW$54, DW_AT_TI_call
     552              
     553 000126 08FE          CALL #_EZDSP5535_OSD9616_multiSend ; |140| 
         000128 FD   
     554 000129 3D34  ||      MOV #3, T0
     555              
     556                                                      ; call occurs [#_EZDSP5535_OSD9616_multiSend] ; |140| 
     557                      .dwpsn  file "../c5535_bsl_revc/ezdsp5535_v1/lib/bsl/ezdsp5535_lcd.c",line 142,column 5,is_stmt
     558 00012b 7600          MOV #219, T1 ; |142| 
         00012d DB58 
     559              $C$DW$55        .dwtag  DW_TAG_TI_branch
     560                      .dwattr $C$DW$55, DW_AT_low_pc(0x00)
     561                      .dwattr $C$DW$55, DW_AT_name("_EZDSP5535_OSD9616_send")
     562                      .dwattr $C$DW$55, DW_AT_TI_call
     563              
     564 00012f 08FE          CALL #_EZDSP5535_OSD9616_send ; |142| 
         000131 CC   
     565 000132 3D04  ||      MOV #0, T0
     566              
     567                                                      ; call occurs [#_EZDSP5535_OSD9616_send] ; |142| 
     568                      .dwpsn  file "../c5535_bsl_revc/ezdsp5535_v1/lib/bsl/ezdsp5535_lcd.c",line 143,column 5,is_stmt
     569 000134 7600          MOV #73, T1 ; |143| 
         000136 4958 
     570              $C$DW$56        .dwtag  DW_TAG_TI_branch
     571                      .dwattr $C$DW$56, DW_AT_low_pc(0x00)
     572                      .dwattr $C$DW$56, DW_AT_name("_EZDSP5535_OSD9616_send")
     573                      .dwattr $C$DW$56, DW_AT_TI_call
     574              
     575 000138 08FE          CALL #_EZDSP5535_OSD9616_send ; |143| 
         00013a C3   
     576 00013b 3D04  ||      MOV #0, T0
     577              
     578                                                      ; call occurs [#_EZDSP5535_OSD9616_send] ; |143| 
     579                      .dwpsn  file "../c5535_bsl_revc/ezdsp5535_v1/lib/bsl/ezdsp5535_lcd.c",line 145,column 5,is_stmt
     580 00013d E600          MOV #0, *SP(#0) ; |145| 
         00013f 00   
     581                      .dwpsn  file "../c5535_bsl_revc/ezdsp5535_v1/lib/bsl/ezdsp5535_lcd.c",line 146,column 5,is_stmt
     582 000140 FB02          MOV #141, *SP(#1) ; |146| 
         000142 008D 
     583                      .dwpsn  file "../c5535_bsl_revc/ezdsp5535_v1/lib/bsl/ezdsp5535_lcd.c",line 147,column 5,is_stmt
     584 000144 E604          MOV #20, *SP(#2) ; |147| 
         000146 14   
     585                      .dwpsn  file "../c5535_bsl_revc/ezdsp5535_v1/lib/bsl/ezdsp5535_lcd.c",line 148,column 5,is_stmt
     586 000147 EC00          AMAR *SP(#0), XAR0
         000149 8E   
TMS320C55x Assembler PC v4.4.1 Tue Oct 02 02:32:38 2018

Tools Copyright (c) 1996-2012 Texas Instruments Incorporated
ezdsp5535_lcd.asm                                                    PAGE   13

     587              $C$DW$57        .dwtag  DW_TAG_TI_branch
     588                      .dwattr $C$DW$57, DW_AT_low_pc(0x00)
     589                      .dwattr $C$DW$57, DW_AT_name("_EZDSP5535_OSD9616_multiSend")
     590                      .dwattr $C$DW$57, DW_AT_TI_call
     591              
     592 00014a 08FE          CALL #_EZDSP5535_OSD9616_multiSend ; |148| 
         00014c D9   
     593 00014d 3D34  ||      MOV #3, T0
     594              
     595                                                      ; call occurs [#_EZDSP5535_OSD9616_multiSend] ; |148| 
     596                      .dwpsn  file "../c5535_bsl_revc/ezdsp5535_v1/lib/bsl/ezdsp5535_lcd.c",line 150,column 5,is_stmt
     597 00014f 7600          MOV #175, T1 ; |150| 
         000151 AF58 
     598              $C$DW$58        .dwtag  DW_TAG_TI_branch
     599                      .dwattr $C$DW$58, DW_AT_low_pc(0x00)
     600                      .dwattr $C$DW$58, DW_AT_name("_EZDSP5535_OSD9616_send")
     601                      .dwattr $C$DW$58, DW_AT_TI_call
     602              
     603 000153 08FE          CALL #_EZDSP5535_OSD9616_send ; |150| 
         000155 A8   
     604 000156 3D04  ||      MOV #0, T0
     605              
     606                                                      ; call occurs [#_EZDSP5535_OSD9616_send] ; |150| 
     607                      .dwpsn  file "../c5535_bsl_revc/ezdsp5535_v1/lib/bsl/ezdsp5535_lcd.c",line 152,column 2,is_stmt
     608 000158 3C04          MOV #0, T0
     609                      .dwpsn  file "../c5535_bsl_revc/ezdsp5535_v1/lib/bsl/ezdsp5535_lcd.c",line 153,column 1,is_stmt
     610 00015a 4E0B          AADD #11, SP
     611                      .dwcfi  cfa_offset, 1
     612              $C$DW$59        .dwtag  DW_TAG_TI_branch
     613                      .dwattr $C$DW$59, DW_AT_low_pc(0x00)
     614                      .dwattr $C$DW$59, DW_AT_TI_return
     615 00015c 4804          RET
     616                                                      ; return occurs
     617                      .dwattr $C$DW$36, DW_AT_TI_end_file("../c5535_bsl_revc/ezdsp5535_v1/lib/bsl/ezdsp5535_lcd.c")
     618                      .dwattr $C$DW$36, DW_AT_TI_end_line(0x99)
     619                      .dwattr $C$DW$36, DW_AT_TI_end_column(0x01)
     620                      .dwendentry
     621                      .dwendtag $C$DW$36
     622              
     623 00015e               .sect   ".text"
     624                      .align 4
     625                      .global _EZDSP5535_OSD9616_printLetter
     626              
     627              $C$DW$60        .dwtag  DW_TAG_subprogram, DW_AT_name("EZDSP5535_OSD9616_printLetter")
     628                      .dwattr $C$DW$60, DW_AT_low_pc(_EZDSP5535_OSD9616_printLetter)
     629                      .dwattr $C$DW$60, DW_AT_high_pc(0x00)
     630                      .dwattr $C$DW$60, DW_AT_TI_symbol_name("_EZDSP5535_OSD9616_printLetter")
     631                      .dwattr $C$DW$60, DW_AT_external
     632                      .dwattr $C$DW$60, DW_AT_type(*$C$DW$T$22)
     633                      .dwattr $C$DW$60, DW_AT_TI_begin_file("../c5535_bsl_revc/ezdsp5535_v1/lib/bsl/ezdsp5535_lcd.c")
     634                      .dwattr $C$DW$60, DW_AT_TI_begin_line(0xa7)
     635                      .dwattr $C$DW$60, DW_AT_TI_begin_column(0x07)
     636                      .dwattr $C$DW$60, DW_AT_TI_max_frame_size(0x06)
     637                      .dwpsn  file "../c5535_bsl_revc/ezdsp5535_v1/lib/bsl/ezdsp5535_lcd.c",line 168,column 1,is_stmt,addre
     638              
TMS320C55x Assembler PC v4.4.1 Tue Oct 02 02:32:38 2018

Tools Copyright (c) 1996-2012 Texas Instruments Incorporated
ezdsp5535_lcd.asm                                                    PAGE   14

     639                      .dwfde $C$DW$CIE, _EZDSP5535_OSD9616_printLetter
     640              $C$DW$61        .dwtag  DW_TAG_formal_parameter, DW_AT_name("l1")
     641                      .dwattr $C$DW$61, DW_AT_TI_symbol_name("_l1")
     642                      .dwattr $C$DW$61, DW_AT_type(*$C$DW$T$25)
     643                      .dwattr $C$DW$61, DW_AT_location[DW_OP_reg12]
     644              $C$DW$62        .dwtag  DW_TAG_formal_parameter, DW_AT_name("l2")
     645                      .dwattr $C$DW$62, DW_AT_TI_symbol_name("_l2")
     646                      .dwattr $C$DW$62, DW_AT_type(*$C$DW$T$25)
     647                      .dwattr $C$DW$62, DW_AT_location[DW_OP_reg13]
     648              $C$DW$63        .dwtag  DW_TAG_formal_parameter, DW_AT_name("l3")
     649                      .dwattr $C$DW$63, DW_AT_TI_symbol_name("_l3")
     650                      .dwattr $C$DW$63, DW_AT_type(*$C$DW$T$25)
     651                      .dwattr $C$DW$63, DW_AT_location[DW_OP_reg16]
     652              $C$DW$64        .dwtag  DW_TAG_formal_parameter, DW_AT_name("l4")
     653                      .dwattr $C$DW$64, DW_AT_TI_symbol_name("_l4")
     654                      .dwattr $C$DW$64, DW_AT_type(*$C$DW$T$25)
     655                      .dwattr $C$DW$64, DW_AT_location[DW_OP_reg18]
     656              ;*******************************************************************************
     657              ;* FUNCTION NAME: EZDSP5535_OSD9616_printLetter                                *
     658              ;*                                                                             *
     659              ;*   Function Uses Regs : T0,T1,AR0,AR1,SP,M40,SATA,SATD,RDM,FRCT,SMUL         *
     660              ;*   Stack Frame        : Compact (No Frame Pointer, w/ debug)                 *
     661              ;*   Total Frame Size   : 6 words                                              *
     662              ;*                        (2 return address/alignment)                         *
     663              ;*                        (4 local values)                                     *
     664              ;*   Min System Stack   : 1 word                                               *
     665              ;*******************************************************************************
     666 000160       _EZDSP5535_OSD9616_printLetter:
     667                      .dwcfi  cfa_offset, 1
     668                      .dwcfi  save_reg_to_mem, 91, -1
     669 000160 4EFB          AADD #-5, SP
     670                      .dwcfi  cfa_offset, 6
     671              $C$DW$65        .dwtag  DW_TAG_variable, DW_AT_name("l1")
     672                      .dwattr $C$DW$65, DW_AT_TI_symbol_name("_l1")
     673                      .dwattr $C$DW$65, DW_AT_type(*$C$DW$T$25)
     674                      .dwattr $C$DW$65, DW_AT_location[DW_OP_bregx 0x24 0]
     675              $C$DW$66        .dwtag  DW_TAG_variable, DW_AT_name("l2")
     676                      .dwattr $C$DW$66, DW_AT_TI_symbol_name("_l2")
     677                      .dwattr $C$DW$66, DW_AT_type(*$C$DW$T$25)
     678                      .dwattr $C$DW$66, DW_AT_location[DW_OP_bregx 0x24 1]
     679              $C$DW$67        .dwtag  DW_TAG_variable, DW_AT_name("l3")
     680                      .dwattr $C$DW$67, DW_AT_TI_symbol_name("_l3")
     681                      .dwattr $C$DW$67, DW_AT_type(*$C$DW$T$25)
     682                      .dwattr $C$DW$67, DW_AT_location[DW_OP_bregx 0x24 2]
     683              $C$DW$68        .dwtag  DW_TAG_variable, DW_AT_name("l4")
     684                      .dwattr $C$DW$68, DW_AT_TI_symbol_name("_l4")
     685                      .dwattr $C$DW$68, DW_AT_type(*$C$DW$T$25)
     686                      .dwattr $C$DW$68, DW_AT_location[DW_OP_bregx 0x24 3]
     687 000162 C906          MOV AR1, *SP(#3) ; |168| 
     688 000164 C804          MOV AR0, *SP(#2) ; |168| 
     689 000166 C502          MOV T1, *SP(#1) ; |168| 
     690 000168 C400          MOV T0, *SP(#0) ; |168| 
     691                      .dwpsn  file "../c5535_bsl_revc/ezdsp5535_v1/lib/bsl/ezdsp5535_lcd.c",line 169,column 2,is_stmt
     692 00016a 7600          MOV #64, T0 ; |169| 
         00016c 4048 
TMS320C55x Assembler PC v4.4.1 Tue Oct 02 02:32:38 2018

Tools Copyright (c) 1996-2012 Texas Instruments Incorporated
ezdsp5535_lcd.asm                                                    PAGE   15

     693 00016e A500          MOV *SP(#0), T1 ; |169| 
     694              $C$DW$69        .dwtag  DW_TAG_TI_branch
     695                      .dwattr $C$DW$69, DW_AT_low_pc(0x00)
     696                      .dwattr $C$DW$69, DW_AT_name("_EZDSP5535_OSD9616_send")
     697                      .dwattr $C$DW$69, DW_AT_TI_call
     698 000170 08FE          CALL #_EZDSP5535_OSD9616_send ; |169| 
         000172 8D   
     699                                                      ; call occurs [#_EZDSP5535_OSD9616_send] ; |169| 
     700                      .dwpsn  file "../c5535_bsl_revc/ezdsp5535_v1/lib/bsl/ezdsp5535_lcd.c",line 170,column 5,is_stmt
     701 000173 7600          MOV #64, T0 ; |170| 
         000175 4048 
     702 000177 A502          MOV *SP(#1), T1 ; |170| 
     703              $C$DW$70        .dwtag  DW_TAG_TI_branch
     704                      .dwattr $C$DW$70, DW_AT_low_pc(0x00)
     705                      .dwattr $C$DW$70, DW_AT_name("_EZDSP5535_OSD9616_send")
     706                      .dwattr $C$DW$70, DW_AT_TI_call
     707 000179 08FE          CALL #_EZDSP5535_OSD9616_send ; |170| 
         00017b 84   
     708                                                      ; call occurs [#_EZDSP5535_OSD9616_send] ; |170| 
     709                      .dwpsn  file "../c5535_bsl_revc/ezdsp5535_v1/lib/bsl/ezdsp5535_lcd.c",line 171,column 5,is_stmt
     710 00017c 7600          MOV #64, T0 ; |171| 
         00017e 4048 
     711 000180 A504          MOV *SP(#2), T1 ; |171| 
     712              $C$DW$71        .dwtag  DW_TAG_TI_branch
     713                      .dwattr $C$DW$71, DW_AT_low_pc(0x00)
     714                      .dwattr $C$DW$71, DW_AT_name("_EZDSP5535_OSD9616_send")
     715                      .dwattr $C$DW$71, DW_AT_TI_call
     716 000182 08FE          CALL #_EZDSP5535_OSD9616_send ; |171| 
         000184 7B   
     717                                                      ; call occurs [#_EZDSP5535_OSD9616_send] ; |171| 
     718                      .dwpsn  file "../c5535_bsl_revc/ezdsp5535_v1/lib/bsl/ezdsp5535_lcd.c",line 172,column 5,is_stmt
     719 000185 7600          MOV #64, T0 ; |172| 
         000187 4048 
     720 000189 A506          MOV *SP(#3), T1 ; |172| 
     721              $C$DW$72        .dwtag  DW_TAG_TI_branch
     722                      .dwattr $C$DW$72, DW_AT_low_pc(0x00)
     723                      .dwattr $C$DW$72, DW_AT_name("_EZDSP5535_OSD9616_send")
     724                      .dwattr $C$DW$72, DW_AT_TI_call
     725 00018b 08FE          CALL #_EZDSP5535_OSD9616_send ; |172| 
         00018d 72   
     726                                                      ; call occurs [#_EZDSP5535_OSD9616_send] ; |172| 
     727                      .dwpsn  file "../c5535_bsl_revc/ezdsp5535_v1/lib/bsl/ezdsp5535_lcd.c",line 173,column 5,is_stmt
     728 00018e 7600          MOV #64, T0 ; |173| 
         000190 4048 
     729              $C$DW$73        .dwtag  DW_TAG_TI_branch
     730                      .dwattr $C$DW$73, DW_AT_low_pc(0x00)
     731                      .dwattr $C$DW$73, DW_AT_name("_EZDSP5535_OSD9616_send")
     732                      .dwattr $C$DW$73, DW_AT_TI_call
     733              
     734 000192 08FE          CALL #_EZDSP5535_OSD9616_send ; |173| 
         000194 69   
     735 000195 3D05  ||      MOV #0, T1
     736              
     737                                                      ; call occurs [#_EZDSP5535_OSD9616_send] ; |173| 
     738                      .dwpsn  file "../c5535_bsl_revc/ezdsp5535_v1/lib/bsl/ezdsp5535_lcd.c",line 175,column 5,is_stmt
TMS320C55x Assembler PC v4.4.1 Tue Oct 02 02:32:38 2018

Tools Copyright (c) 1996-2012 Texas Instruments Incorporated
ezdsp5535_lcd.asm                                                    PAGE   16

     739 000197 3C04          MOV #0, T0
     740                      .dwpsn  file "../c5535_bsl_revc/ezdsp5535_v1/lib/bsl/ezdsp5535_lcd.c",line 176,column 1,is_stmt
     741 000199 4E05          AADD #5, SP
     742                      .dwcfi  cfa_offset, 1
     743              $C$DW$74        .dwtag  DW_TAG_TI_branch
     744                      .dwattr $C$DW$74, DW_AT_low_pc(0x00)
     745                      .dwattr $C$DW$74, DW_AT_TI_return
     746 00019b 4804          RET
     747                                                      ; return occurs
     748                      .dwattr $C$DW$60, DW_AT_TI_end_file("../c5535_bsl_revc/ezdsp5535_v1/lib/bsl/ezdsp5535_lcd.c")
     749                      .dwattr $C$DW$60, DW_AT_TI_end_line(0xb0)
     750                      .dwattr $C$DW$60, DW_AT_TI_end_column(0x01)
     751                      .dwendentry
     752                      .dwendtag $C$DW$60
     753              
     754              ;******************************************************************************
     755              ;* UNDEFINED EXTERNAL REFERENCES                                              *
     756              ;******************************************************************************
     757                      .global _EZDSP5535_waitusec
     758                      .global _EZDSP5535_I2C_init
     759                      .global _EZDSP5535_I2C_write
     760                      .global _EZDSP5535_GPIO_init
     761                      .global _EZDSP5535_GPIO_setDirection
     762                      .global _EZDSP5535_GPIO_setOutput
     763              
     764              ;*******************************************************************************
     765              ;* TYPE INFORMATION                                                            *
     766              ;*******************************************************************************
     767              $C$DW$T$4       .dwtag  DW_TAG_base_type
     768                      .dwattr $C$DW$T$4, DW_AT_encoding(DW_ATE_boolean)
     769                      .dwattr $C$DW$T$4, DW_AT_name("bool")
     770                      .dwattr $C$DW$T$4, DW_AT_byte_size(0x01)
     771              $C$DW$T$5       .dwtag  DW_TAG_base_type
     772                      .dwattr $C$DW$T$5, DW_AT_encoding(DW_ATE_signed_char)
     773                      .dwattr $C$DW$T$5, DW_AT_name("signed char")
     774                      .dwattr $C$DW$T$5, DW_AT_byte_size(0x01)
     775              $C$DW$T$6       .dwtag  DW_TAG_base_type
     776                      .dwattr $C$DW$T$6, DW_AT_encoding(DW_ATE_unsigned_char)
     777                      .dwattr $C$DW$T$6, DW_AT_name("unsigned char")
     778                      .dwattr $C$DW$T$6, DW_AT_byte_size(0x01)
     779              $C$DW$T$7       .dwtag  DW_TAG_base_type
     780                      .dwattr $C$DW$T$7, DW_AT_encoding(DW_ATE_signed_char)
     781                      .dwattr $C$DW$T$7, DW_AT_name("wchar_t")
     782                      .dwattr $C$DW$T$7, DW_AT_byte_size(0x01)
     783              $C$DW$T$8       .dwtag  DW_TAG_base_type
     784                      .dwattr $C$DW$T$8, DW_AT_encoding(DW_ATE_signed)
     785                      .dwattr $C$DW$T$8, DW_AT_name("short")
     786                      .dwattr $C$DW$T$8, DW_AT_byte_size(0x01)
     787              $C$DW$T$22      .dwtag  DW_TAG_typedef, DW_AT_name("Int16")
     788                      .dwattr $C$DW$T$22, DW_AT_type(*$C$DW$T$8)
     789                      .dwattr $C$DW$T$22, DW_AT_language(DW_LANG_C)
     790              $C$DW$T$9       .dwtag  DW_TAG_base_type
     791                      .dwattr $C$DW$T$9, DW_AT_encoding(DW_ATE_unsigned)
     792                      .dwattr $C$DW$T$9, DW_AT_name("unsigned short")
     793                      .dwattr $C$DW$T$9, DW_AT_byte_size(0x01)
TMS320C55x Assembler PC v4.4.1 Tue Oct 02 02:32:38 2018

Tools Copyright (c) 1996-2012 Texas Instruments Incorporated
ezdsp5535_lcd.asm                                                    PAGE   17

     794              $C$DW$T$25      .dwtag  DW_TAG_typedef, DW_AT_name("Uint16")
     795                      .dwattr $C$DW$T$25, DW_AT_type(*$C$DW$T$9)
     796                      .dwattr $C$DW$T$25, DW_AT_language(DW_LANG_C)
     797              $C$DW$T$26      .dwtag  DW_TAG_pointer_type
     798                      .dwattr $C$DW$T$26, DW_AT_type(*$C$DW$T$25)
     799                      .dwattr $C$DW$T$26, DW_AT_address_class(0x17)
     800              
     801              $C$DW$T$34      .dwtag  DW_TAG_array_type
     802                      .dwattr $C$DW$T$34, DW_AT_type(*$C$DW$T$25)
     803                      .dwattr $C$DW$T$34, DW_AT_language(DW_LANG_C)
     804                      .dwattr $C$DW$T$34, DW_AT_byte_size(0x02)
     805              $C$DW$75        .dwtag  DW_TAG_subrange_type
     806                      .dwattr $C$DW$75, DW_AT_upper_bound(0x01)
     807                      .dwendtag $C$DW$T$34
     808              
     809              
     810              $C$DW$T$36      .dwtag  DW_TAG_array_type
     811                      .dwattr $C$DW$T$36, DW_AT_type(*$C$DW$T$25)
     812                      .dwattr $C$DW$T$36, DW_AT_language(DW_LANG_C)
     813                      .dwattr $C$DW$T$36, DW_AT_byte_size(0x0a)
     814              $C$DW$76        .dwtag  DW_TAG_subrange_type
     815                      .dwattr $C$DW$76, DW_AT_upper_bound(0x09)
     816                      .dwendtag $C$DW$T$36
     817              
     818              $C$DW$T$10      .dwtag  DW_TAG_base_type
     819                      .dwattr $C$DW$T$10, DW_AT_encoding(DW_ATE_signed)
     820                      .dwattr $C$DW$T$10, DW_AT_name("int")
     821                      .dwattr $C$DW$T$10, DW_AT_byte_size(0x01)
     822              $C$DW$T$11      .dwtag  DW_TAG_base_type
     823                      .dwattr $C$DW$T$11, DW_AT_encoding(DW_ATE_unsigned)
     824                      .dwattr $C$DW$T$11, DW_AT_name("unsigned int")
     825                      .dwattr $C$DW$T$11, DW_AT_byte_size(0x01)
     826              $C$DW$T$12      .dwtag  DW_TAG_base_type
     827                      .dwattr $C$DW$T$12, DW_AT_encoding(DW_ATE_signed)
     828                      .dwattr $C$DW$T$12, DW_AT_name("long")
     829                      .dwattr $C$DW$T$12, DW_AT_byte_size(0x02)
     830              $C$DW$T$13      .dwtag  DW_TAG_base_type
     831                      .dwattr $C$DW$T$13, DW_AT_encoding(DW_ATE_unsigned)
     832                      .dwattr $C$DW$T$13, DW_AT_name("unsigned long")
     833                      .dwattr $C$DW$T$13, DW_AT_byte_size(0x02)
     834              $C$DW$T$19      .dwtag  DW_TAG_typedef, DW_AT_name("Uint32")
     835                      .dwattr $C$DW$T$19, DW_AT_type(*$C$DW$T$13)
     836                      .dwattr $C$DW$T$19, DW_AT_language(DW_LANG_C)
     837              $C$DW$T$14      .dwtag  DW_TAG_base_type
     838                      .dwattr $C$DW$T$14, DW_AT_encoding(DW_ATE_signed)
     839                      .dwattr $C$DW$T$14, DW_AT_name("long long")
     840                      .dwattr $C$DW$T$14, DW_AT_byte_size(0x04)
     841                      .dwattr $C$DW$T$14, DW_AT_bit_size(0x28)
     842                      .dwattr $C$DW$T$14, DW_AT_bit_offset(0x18)
     843              $C$DW$T$15      .dwtag  DW_TAG_base_type
     844                      .dwattr $C$DW$T$15, DW_AT_encoding(DW_ATE_unsigned)
     845                      .dwattr $C$DW$T$15, DW_AT_name("unsigned long long")
     846                      .dwattr $C$DW$T$15, DW_AT_byte_size(0x04)
     847                      .dwattr $C$DW$T$15, DW_AT_bit_size(0x28)
     848                      .dwattr $C$DW$T$15, DW_AT_bit_offset(0x18)
TMS320C55x Assembler PC v4.4.1 Tue Oct 02 02:32:38 2018

Tools Copyright (c) 1996-2012 Texas Instruments Incorporated
ezdsp5535_lcd.asm                                                    PAGE   18

     849              $C$DW$T$16      .dwtag  DW_TAG_base_type
     850                      .dwattr $C$DW$T$16, DW_AT_encoding(DW_ATE_float)
     851                      .dwattr $C$DW$T$16, DW_AT_name("float")
     852                      .dwattr $C$DW$T$16, DW_AT_byte_size(0x02)
     853              $C$DW$T$17      .dwtag  DW_TAG_base_type
     854                      .dwattr $C$DW$T$17, DW_AT_encoding(DW_ATE_float)
     855                      .dwattr $C$DW$T$17, DW_AT_name("double")
     856                      .dwattr $C$DW$T$17, DW_AT_byte_size(0x02)
     857              $C$DW$T$18      .dwtag  DW_TAG_base_type
     858                      .dwattr $C$DW$T$18, DW_AT_encoding(DW_ATE_float)
     859                      .dwattr $C$DW$T$18, DW_AT_name("long double")
     860                      .dwattr $C$DW$T$18, DW_AT_byte_size(0x02)
     861                      .dwattr $C$DW$CU, DW_AT_language(DW_LANG_C)
     862              
     863              ;***************************************************************
     864              ;* DWARF CIE ENTRIES                                           *
     865              ;***************************************************************
     866              
     867              $C$DW$CIE       .dwcie 91
     868                      .dwcfi  cfa_register, 36
     869                      .dwcfi  cfa_offset, 0
     870                      .dwcfi  undefined, 0
     871                      .dwcfi  undefined, 1
     872                      .dwcfi  undefined, 2
     873                      .dwcfi  undefined, 3
     874                      .dwcfi  undefined, 4
     875                      .dwcfi  undefined, 5
     876                      .dwcfi  undefined, 6
     877                      .dwcfi  undefined, 7
     878                      .dwcfi  undefined, 8
     879                      .dwcfi  undefined, 9
     880                      .dwcfi  undefined, 10
     881                      .dwcfi  undefined, 11
     882                      .dwcfi  undefined, 12
     883                      .dwcfi  undefined, 13
     884                      .dwcfi  same_value, 14
     885                      .dwcfi  same_value, 15
     886                      .dwcfi  undefined, 16
     887                      .dwcfi  undefined, 17
     888                      .dwcfi  undefined, 18
     889                      .dwcfi  undefined, 19
     890                      .dwcfi  undefined, 20
     891                      .dwcfi  undefined, 21
     892                      .dwcfi  undefined, 22
     893                      .dwcfi  undefined, 23
     894                      .dwcfi  undefined, 24
     895                      .dwcfi  undefined, 25
     896                      .dwcfi  same_value, 26
     897                      .dwcfi  same_value, 27
     898                      .dwcfi  same_value, 28
     899                      .dwcfi  same_value, 29
     900                      .dwcfi  same_value, 30
     901                      .dwcfi  same_value, 31
     902                      .dwcfi  undefined, 32
     903                      .dwcfi  undefined, 33
TMS320C55x Assembler PC v4.4.1 Tue Oct 02 02:32:38 2018

Tools Copyright (c) 1996-2012 Texas Instruments Incorporated
ezdsp5535_lcd.asm                                                    PAGE   19

     904                      .dwcfi  undefined, 34
     905                      .dwcfi  undefined, 35
     906                      .dwcfi  undefined, 36
     907                      .dwcfi  undefined, 37
     908                      .dwcfi  undefined, 38
     909                      .dwcfi  undefined, 39
     910                      .dwcfi  undefined, 40
     911                      .dwcfi  undefined, 41
     912                      .dwcfi  undefined, 42
     913                      .dwcfi  undefined, 43
     914                      .dwcfi  undefined, 44
     915                      .dwcfi  undefined, 45
     916                      .dwcfi  undefined, 46
     917                      .dwcfi  undefined, 47
     918                      .dwcfi  undefined, 48
     919                      .dwcfi  undefined, 49
     920                      .dwcfi  undefined, 50
     921                      .dwcfi  undefined, 51
     922                      .dwcfi  undefined, 52
     923                      .dwcfi  undefined, 53
     924                      .dwcfi  undefined, 54
     925                      .dwcfi  undefined, 55
     926                      .dwcfi  undefined, 56
     927                      .dwcfi  undefined, 57
     928                      .dwcfi  undefined, 58
     929                      .dwcfi  undefined, 59
     930                      .dwcfi  undefined, 60
     931                      .dwcfi  undefined, 61
     932                      .dwcfi  undefined, 62
     933                      .dwcfi  undefined, 63
     934                      .dwcfi  undefined, 64
     935                      .dwcfi  undefined, 65
     936                      .dwcfi  undefined, 66
     937                      .dwcfi  undefined, 67
     938                      .dwcfi  undefined, 68
     939                      .dwcfi  undefined, 69
     940                      .dwcfi  undefined, 70
     941                      .dwcfi  undefined, 71
     942                      .dwcfi  undefined, 72
     943                      .dwcfi  undefined, 73
     944                      .dwcfi  undefined, 74
     945                      .dwcfi  undefined, 75
     946                      .dwcfi  undefined, 76
     947                      .dwcfi  undefined, 77
     948                      .dwcfi  undefined, 78
     949                      .dwcfi  undefined, 79
     950                      .dwcfi  undefined, 80
     951                      .dwcfi  undefined, 81
     952                      .dwcfi  undefined, 82
     953                      .dwcfi  undefined, 83
     954                      .dwcfi  undefined, 84
     955                      .dwcfi  undefined, 85
     956                      .dwcfi  undefined, 86
     957                      .dwcfi  undefined, 87
     958                      .dwcfi  undefined, 88
TMS320C55x Assembler PC v4.4.1 Tue Oct 02 02:32:38 2018

Tools Copyright (c) 1996-2012 Texas Instruments Incorporated
ezdsp5535_lcd.asm                                                    PAGE   20

     959                      .dwcfi  undefined, 89
     960                      .dwcfi  undefined, 90
     961                      .dwcfi  undefined, 91
     962                      .dwendentry
     963              
     964              ;***************************************************************
     965              ;* DWARF REGISTER MAP                                          *
     966              ;***************************************************************
     967              
     968              $C$DW$77        .dwtag  DW_TAG_TI_assign_register, DW_AT_name("AC0")
     969                      .dwattr $C$DW$77, DW_AT_location[DW_OP_reg0]
     970              $C$DW$78        .dwtag  DW_TAG_TI_assign_register, DW_AT_name("AC0")
     971                      .dwattr $C$DW$78, DW_AT_location[DW_OP_reg1]
     972              $C$DW$79        .dwtag  DW_TAG_TI_assign_register, DW_AT_name("AC0_G")
     973                      .dwattr $C$DW$79, DW_AT_location[DW_OP_reg2]
     974              $C$DW$80        .dwtag  DW_TAG_TI_assign_register, DW_AT_name("AC1")
     975                      .dwattr $C$DW$80, DW_AT_location[DW_OP_reg3]
     976              $C$DW$81        .dwtag  DW_TAG_TI_assign_register, DW_AT_name("AC1")
     977                      .dwattr $C$DW$81, DW_AT_location[DW_OP_reg4]
     978              $C$DW$82        .dwtag  DW_TAG_TI_assign_register, DW_AT_name("AC1_G")
     979                      .dwattr $C$DW$82, DW_AT_location[DW_OP_reg5]
     980              $C$DW$83        .dwtag  DW_TAG_TI_assign_register, DW_AT_name("AC2")
     981                      .dwattr $C$DW$83, DW_AT_location[DW_OP_reg6]
     982              $C$DW$84        .dwtag  DW_TAG_TI_assign_register, DW_AT_name("AC2")
     983                      .dwattr $C$DW$84, DW_AT_location[DW_OP_reg7]
     984              $C$DW$85        .dwtag  DW_TAG_TI_assign_register, DW_AT_name("AC2_G")
     985                      .dwattr $C$DW$85, DW_AT_location[DW_OP_reg8]
     986              $C$DW$86        .dwtag  DW_TAG_TI_assign_register, DW_AT_name("AC3")
     987                      .dwattr $C$DW$86, DW_AT_location[DW_OP_reg9]
     988              $C$DW$87        .dwtag  DW_TAG_TI_assign_register, DW_AT_name("AC3")
     989                      .dwattr $C$DW$87, DW_AT_location[DW_OP_reg10]
     990              $C$DW$88        .dwtag  DW_TAG_TI_assign_register, DW_AT_name("AC3_G")
     991                      .dwattr $C$DW$88, DW_AT_location[DW_OP_reg11]
     992              $C$DW$89        .dwtag  DW_TAG_TI_assign_register, DW_AT_name("T0")
     993                      .dwattr $C$DW$89, DW_AT_location[DW_OP_reg12]
     994              $C$DW$90        .dwtag  DW_TAG_TI_assign_register, DW_AT_name("T1")
     995                      .dwattr $C$DW$90, DW_AT_location[DW_OP_reg13]
     996              $C$DW$91        .dwtag  DW_TAG_TI_assign_register, DW_AT_name("T2")
     997                      .dwattr $C$DW$91, DW_AT_location[DW_OP_reg14]
     998              $C$DW$92        .dwtag  DW_TAG_TI_assign_register, DW_AT_name("T3")
     999                      .dwattr $C$DW$92, DW_AT_location[DW_OP_reg15]
    1000              $C$DW$93        .dwtag  DW_TAG_TI_assign_register, DW_AT_name("AR0")
    1001                      .dwattr $C$DW$93, DW_AT_location[DW_OP_reg16]
    1002              $C$DW$94        .dwtag  DW_TAG_TI_assign_register, DW_AT_name("XAR0")
    1003                      .dwattr $C$DW$94, DW_AT_location[DW_OP_reg17]
    1004              $C$DW$95        .dwtag  DW_TAG_TI_assign_register, DW_AT_name("AR1")
    1005                      .dwattr $C$DW$95, DW_AT_location[DW_OP_reg18]
    1006              $C$DW$96        .dwtag  DW_TAG_TI_assign_register, DW_AT_name("XAR1")
    1007                      .dwattr $C$DW$96, DW_AT_location[DW_OP_reg19]
    1008              $C$DW$97        .dwtag  DW_TAG_TI_assign_register, DW_AT_name("AR2")
    1009                      .dwattr $C$DW$97, DW_AT_location[DW_OP_reg20]
    1010              $C$DW$98        .dwtag  DW_TAG_TI_assign_register, DW_AT_name("XAR2")
    1011                      .dwattr $C$DW$98, DW_AT_location[DW_OP_reg21]
    1012              $C$DW$99        .dwtag  DW_TAG_TI_assign_register, DW_AT_name("AR3")
    1013                      .dwattr $C$DW$99, DW_AT_location[DW_OP_reg22]
TMS320C55x Assembler PC v4.4.1 Tue Oct 02 02:32:38 2018

Tools Copyright (c) 1996-2012 Texas Instruments Incorporated
ezdsp5535_lcd.asm                                                    PAGE   21

    1014              $C$DW$100       .dwtag  DW_TAG_TI_assign_register, DW_AT_name("XAR3")
    1015                      .dwattr $C$DW$100, DW_AT_location[DW_OP_reg23]
    1016              $C$DW$101       .dwtag  DW_TAG_TI_assign_register, DW_AT_name("AR4")
    1017                      .dwattr $C$DW$101, DW_AT_location[DW_OP_reg24]
    1018              $C$DW$102       .dwtag  DW_TAG_TI_assign_register, DW_AT_name("XAR4")
    1019                      .dwattr $C$DW$102, DW_AT_location[DW_OP_reg25]
    1020              $C$DW$103       .dwtag  DW_TAG_TI_assign_register, DW_AT_name("AR5")
    1021                      .dwattr $C$DW$103, DW_AT_location[DW_OP_reg26]
    1022              $C$DW$104       .dwtag  DW_TAG_TI_assign_register, DW_AT_name("XAR5")
    1023                      .dwattr $C$DW$104, DW_AT_location[DW_OP_reg27]
    1024              $C$DW$105       .dwtag  DW_TAG_TI_assign_register, DW_AT_name("AR6")
    1025                      .dwattr $C$DW$105, DW_AT_location[DW_OP_reg28]
    1026              $C$DW$106       .dwtag  DW_TAG_TI_assign_register, DW_AT_name("XAR6")
    1027                      .dwattr $C$DW$106, DW_AT_location[DW_OP_reg29]
    1028              $C$DW$107       .dwtag  DW_TAG_TI_assign_register, DW_AT_name("AR7")
    1029                      .dwattr $C$DW$107, DW_AT_location[DW_OP_reg30]
    1030              $C$DW$108       .dwtag  DW_TAG_TI_assign_register, DW_AT_name("XAR7")
    1031                      .dwattr $C$DW$108, DW_AT_location[DW_OP_reg31]
    1032              $C$DW$109       .dwtag  DW_TAG_TI_assign_register, DW_AT_name("FP")
    1033                      .dwattr $C$DW$109, DW_AT_location[DW_OP_regx 0x20]
    1034              $C$DW$110       .dwtag  DW_TAG_TI_assign_register, DW_AT_name("XFP")
    1035                      .dwattr $C$DW$110, DW_AT_location[DW_OP_regx 0x21]
    1036              $C$DW$111       .dwtag  DW_TAG_TI_assign_register, DW_AT_name("PC")
    1037                      .dwattr $C$DW$111, DW_AT_location[DW_OP_regx 0x22]
    1038              $C$DW$112       .dwtag  DW_TAG_TI_assign_register, DW_AT_name("SP")
    1039                      .dwattr $C$DW$112, DW_AT_location[DW_OP_regx 0x23]
    1040              $C$DW$113       .dwtag  DW_TAG_TI_assign_register, DW_AT_name("XSP")
    1041                      .dwattr $C$DW$113, DW_AT_location[DW_OP_regx 0x24]
    1042              $C$DW$114       .dwtag  DW_TAG_TI_assign_register, DW_AT_name("BKC")
    1043                      .dwattr $C$DW$114, DW_AT_location[DW_OP_regx 0x25]
    1044              $C$DW$115       .dwtag  DW_TAG_TI_assign_register, DW_AT_name("BK03")
    1045                      .dwattr $C$DW$115, DW_AT_location[DW_OP_regx 0x26]
    1046              $C$DW$116       .dwtag  DW_TAG_TI_assign_register, DW_AT_name("BK47")
    1047                      .dwattr $C$DW$116, DW_AT_location[DW_OP_regx 0x27]
    1048              $C$DW$117       .dwtag  DW_TAG_TI_assign_register, DW_AT_name("ST0")
    1049                      .dwattr $C$DW$117, DW_AT_location[DW_OP_regx 0x28]
    1050              $C$DW$118       .dwtag  DW_TAG_TI_assign_register, DW_AT_name("ST1")
    1051                      .dwattr $C$DW$118, DW_AT_location[DW_OP_regx 0x29]
    1052              $C$DW$119       .dwtag  DW_TAG_TI_assign_register, DW_AT_name("ST2")
    1053                      .dwattr $C$DW$119, DW_AT_location[DW_OP_regx 0x2a]
    1054              $C$DW$120       .dwtag  DW_TAG_TI_assign_register, DW_AT_name("ST3")
    1055                      .dwattr $C$DW$120, DW_AT_location[DW_OP_regx 0x2b]
    1056              $C$DW$121       .dwtag  DW_TAG_TI_assign_register, DW_AT_name("MDP")
    1057                      .dwattr $C$DW$121, DW_AT_location[DW_OP_regx 0x2c]
    1058              $C$DW$122       .dwtag  DW_TAG_TI_assign_register, DW_AT_name("MDP05")
    1059                      .dwattr $C$DW$122, DW_AT_location[DW_OP_regx 0x2d]
    1060              $C$DW$123       .dwtag  DW_TAG_TI_assign_register, DW_AT_name("MDP67")
    1061                      .dwattr $C$DW$123, DW_AT_location[DW_OP_regx 0x2e]
    1062              $C$DW$124       .dwtag  DW_TAG_TI_assign_register, DW_AT_name("BRC0")
    1063                      .dwattr $C$DW$124, DW_AT_location[DW_OP_regx 0x2f]
    1064              $C$DW$125       .dwtag  DW_TAG_TI_assign_register, DW_AT_name("RSA0")
    1065                      .dwattr $C$DW$125, DW_AT_location[DW_OP_regx 0x30]
    1066              $C$DW$126       .dwtag  DW_TAG_TI_assign_register, DW_AT_name("RSA0_H")
    1067                      .dwattr $C$DW$126, DW_AT_location[DW_OP_regx 0x31]
    1068              $C$DW$127       .dwtag  DW_TAG_TI_assign_register, DW_AT_name("REA0")
TMS320C55x Assembler PC v4.4.1 Tue Oct 02 02:32:38 2018

Tools Copyright (c) 1996-2012 Texas Instruments Incorporated
ezdsp5535_lcd.asm                                                    PAGE   22

    1069                      .dwattr $C$DW$127, DW_AT_location[DW_OP_regx 0x32]
    1070              $C$DW$128       .dwtag  DW_TAG_TI_assign_register, DW_AT_name("REA0_H")
    1071                      .dwattr $C$DW$128, DW_AT_location[DW_OP_regx 0x33]
    1072              $C$DW$129       .dwtag  DW_TAG_TI_assign_register, DW_AT_name("BRS1")
    1073                      .dwattr $C$DW$129, DW_AT_location[DW_OP_regx 0x34]
    1074              $C$DW$130       .dwtag  DW_TAG_TI_assign_register, DW_AT_name("BRC1")
    1075                      .dwattr $C$DW$130, DW_AT_location[DW_OP_regx 0x35]
    1076              $C$DW$131       .dwtag  DW_TAG_TI_assign_register, DW_AT_name("RSA1")
    1077                      .dwattr $C$DW$131, DW_AT_location[DW_OP_regx 0x36]
    1078              $C$DW$132       .dwtag  DW_TAG_TI_assign_register, DW_AT_name("RSA1_H")
    1079                      .dwattr $C$DW$132, DW_AT_location[DW_OP_regx 0x37]
    1080              $C$DW$133       .dwtag  DW_TAG_TI_assign_register, DW_AT_name("REA1")
    1081                      .dwattr $C$DW$133, DW_AT_location[DW_OP_regx 0x38]
    1082              $C$DW$134       .dwtag  DW_TAG_TI_assign_register, DW_AT_name("REA1_H")
    1083                      .dwattr $C$DW$134, DW_AT_location[DW_OP_regx 0x39]
    1084              $C$DW$135       .dwtag  DW_TAG_TI_assign_register, DW_AT_name("CSR")
    1085                      .dwattr $C$DW$135, DW_AT_location[DW_OP_regx 0x3a]
    1086              $C$DW$136       .dwtag  DW_TAG_TI_assign_register, DW_AT_name("RPTC")
    1087                      .dwattr $C$DW$136, DW_AT_location[DW_OP_regx 0x3b]
    1088              $C$DW$137       .dwtag  DW_TAG_TI_assign_register, DW_AT_name("CDP")
    1089                      .dwattr $C$DW$137, DW_AT_location[DW_OP_regx 0x3c]
    1090              $C$DW$138       .dwtag  DW_TAG_TI_assign_register, DW_AT_name("XCDP")
    1091                      .dwattr $C$DW$138, DW_AT_location[DW_OP_regx 0x3d]
    1092              $C$DW$139       .dwtag  DW_TAG_TI_assign_register, DW_AT_name("TRN0")
    1093                      .dwattr $C$DW$139, DW_AT_location[DW_OP_regx 0x3e]
    1094              $C$DW$140       .dwtag  DW_TAG_TI_assign_register, DW_AT_name("TRN1")
    1095                      .dwattr $C$DW$140, DW_AT_location[DW_OP_regx 0x3f]
    1096              $C$DW$141       .dwtag  DW_TAG_TI_assign_register, DW_AT_name("BSA01")
    1097                      .dwattr $C$DW$141, DW_AT_location[DW_OP_regx 0x40]
    1098              $C$DW$142       .dwtag  DW_TAG_TI_assign_register, DW_AT_name("BSA23")
    1099                      .dwattr $C$DW$142, DW_AT_location[DW_OP_regx 0x41]
    1100              $C$DW$143       .dwtag  DW_TAG_TI_assign_register, DW_AT_name("BSA45")
    1101                      .dwattr $C$DW$143, DW_AT_location[DW_OP_regx 0x42]
    1102              $C$DW$144       .dwtag  DW_TAG_TI_assign_register, DW_AT_name("BSA67")
    1103                      .dwattr $C$DW$144, DW_AT_location[DW_OP_regx 0x43]
    1104              $C$DW$145       .dwtag  DW_TAG_TI_assign_register, DW_AT_name("BSAC")
    1105                      .dwattr $C$DW$145, DW_AT_location[DW_OP_regx 0x44]
    1106              $C$DW$146       .dwtag  DW_TAG_TI_assign_register, DW_AT_name("CARRY")
    1107                      .dwattr $C$DW$146, DW_AT_location[DW_OP_regx 0x45]
    1108              $C$DW$147       .dwtag  DW_TAG_TI_assign_register, DW_AT_name("TC1")
    1109                      .dwattr $C$DW$147, DW_AT_location[DW_OP_regx 0x46]
    1110              $C$DW$148       .dwtag  DW_TAG_TI_assign_register, DW_AT_name("TC2")
    1111                      .dwattr $C$DW$148, DW_AT_location[DW_OP_regx 0x47]
    1112              $C$DW$149       .dwtag  DW_TAG_TI_assign_register, DW_AT_name("M40")
    1113                      .dwattr $C$DW$149, DW_AT_location[DW_OP_regx 0x48]
    1114              $C$DW$150       .dwtag  DW_TAG_TI_assign_register, DW_AT_name("SXMD")
    1115                      .dwattr $C$DW$150, DW_AT_location[DW_OP_regx 0x49]
    1116              $C$DW$151       .dwtag  DW_TAG_TI_assign_register, DW_AT_name("ARMS")
    1117                      .dwattr $C$DW$151, DW_AT_location[DW_OP_regx 0x4a]
    1118              $C$DW$152       .dwtag  DW_TAG_TI_assign_register, DW_AT_name("C54CM")
    1119                      .dwattr $C$DW$152, DW_AT_location[DW_OP_regx 0x4b]
    1120              $C$DW$153       .dwtag  DW_TAG_TI_assign_register, DW_AT_name("SATA")
    1121                      .dwattr $C$DW$153, DW_AT_location[DW_OP_regx 0x4c]
    1122              $C$DW$154       .dwtag  DW_TAG_TI_assign_register, DW_AT_name("SATD")
    1123                      .dwattr $C$DW$154, DW_AT_location[DW_OP_regx 0x4d]
TMS320C55x Assembler PC v4.4.1 Tue Oct 02 02:32:38 2018

Tools Copyright (c) 1996-2012 Texas Instruments Incorporated
ezdsp5535_lcd.asm                                                    PAGE   23

    1124              $C$DW$155       .dwtag  DW_TAG_TI_assign_register, DW_AT_name("RDM")
    1125                      .dwattr $C$DW$155, DW_AT_location[DW_OP_regx 0x4e]
    1126              $C$DW$156       .dwtag  DW_TAG_TI_assign_register, DW_AT_name("FRCT")
    1127                      .dwattr $C$DW$156, DW_AT_location[DW_OP_regx 0x4f]
    1128              $C$DW$157       .dwtag  DW_TAG_TI_assign_register, DW_AT_name("SMUL")
    1129                      .dwattr $C$DW$157, DW_AT_location[DW_OP_regx 0x50]
    1130              $C$DW$158       .dwtag  DW_TAG_TI_assign_register, DW_AT_name("INTM")
    1131                      .dwattr $C$DW$158, DW_AT_location[DW_OP_regx 0x51]
    1132              $C$DW$159       .dwtag  DW_TAG_TI_assign_register, DW_AT_name("AR0LC")
    1133                      .dwattr $C$DW$159, DW_AT_location[DW_OP_regx 0x52]
    1134              $C$DW$160       .dwtag  DW_TAG_TI_assign_register, DW_AT_name("AR1LC")
    1135                      .dwattr $C$DW$160, DW_AT_location[DW_OP_regx 0x53]
    1136              $C$DW$161       .dwtag  DW_TAG_TI_assign_register, DW_AT_name("AR2LC")
    1137                      .dwattr $C$DW$161, DW_AT_location[DW_OP_regx 0x54]
    1138              $C$DW$162       .dwtag  DW_TAG_TI_assign_register, DW_AT_name("AR3LC")
    1139                      .dwattr $C$DW$162, DW_AT_location[DW_OP_regx 0x55]
    1140              $C$DW$163       .dwtag  DW_TAG_TI_assign_register, DW_AT_name("AR4LC")
    1141                      .dwattr $C$DW$163, DW_AT_location[DW_OP_regx 0x56]
    1142              $C$DW$164       .dwtag  DW_TAG_TI_assign_register, DW_AT_name("AR5LC")
    1143                      .dwattr $C$DW$164, DW_AT_location[DW_OP_regx 0x57]
    1144              $C$DW$165       .dwtag  DW_TAG_TI_assign_register, DW_AT_name("AR6LC")
    1145                      .dwattr $C$DW$165, DW_AT_location[DW_OP_regx 0x58]
    1146              $C$DW$166       .dwtag  DW_TAG_TI_assign_register, DW_AT_name("AR7LC")
    1147                      .dwattr $C$DW$166, DW_AT_location[DW_OP_regx 0x59]
    1148              $C$DW$167       .dwtag  DW_TAG_TI_assign_register, DW_AT_name("CDPLC")
    1149                      .dwattr $C$DW$167, DW_AT_location[DW_OP_regx 0x5a]
    1150              $C$DW$168       .dwtag  DW_TAG_TI_assign_register, DW_AT_name("CIE_RETA")
    1151                      .dwattr $C$DW$168, DW_AT_location[DW_OP_regx 0x5b]
    1152                      .dwendtag $C$DW$CU
    1153              
    1153              
    1153              

No Assembly Errors, No Assembly Warnings
